\BOOKMARK [0][-]{Doc-Start}{\376\377\000A\000b\000s\000t\000r\000a\000c\000t}{}% 1
\BOOKMARK [0][-]{Doc-Start}{\376\377\000A\000c\000k\000n\000o\000w\000l\000e\000d\000g\000e\000m\000e\000n\000t\000s}{}% 2
\BOOKMARK [0][-]{chapter.2}{\376\377\000I\000n\000t\000r\000o\000d\000u\000c\000c\000i\000\363\000n\000\040\000g\000e\000n\000e\000r\000a\000l}{}% 3
\BOOKMARK [1][-]{section.3}{\376\377\000E\000l\000\040\000m\000u\000t\000u\000a\000l\000i\000s\000m\000o\000\040\000e\000n\000\040\000e\000c\000o\000l\000o\000g\000\355\000a}{chapter.2}% 4
\BOOKMARK [2][-]{subsection.4}{\376\377\000T\000i\000p\000o\000s\000\040\000d\000e\000\040\000m\000u\000t\000u\000a\000l\000i\000s\000m\000o}{section.3}% 5
\BOOKMARK [2][-]{subsection.5}{\376\377\000H\000i\000s\000t\000o\000r\000i\000a\000\040\000d\000e\000\040\000l\000o\000s\000\040\000e\000s\000t\000u\000d\000i\000o\000s\000\040\000s\000o\000b\000r\000e\000\040\000m\000u\000t\000u\000a\000l\000i\000s\000m\000o}{section.3}% 6
\BOOKMARK [1][-]{section.6}{\376\377\000R\000e\000d\000e\000s\000\040\000e\000n\000\040\000e\000c\000o\000l\000o\000g\000\355\000a}{chapter.2}% 7
\BOOKMARK [2][-]{subsection.7}{\376\377\000R\000e\000d\000e\000s\000\040\000m\000u\000t\000u\000a\000l\000i\000s\000t\000a\000s}{section.6}% 8
\BOOKMARK [2][-]{subsection.8}{\376\377\000T\000e\000n\000d\000e\000n\000c\000i\000a\000s\000\040\000a\000c\000t\000u\000a\000l\000e\000s\000\040\000e\000n\000\040\000e\000l\000\040\000e\000s\000t\000u\000d\000i\000o\000\040\000d\000e\000\040\000l\000a\000s\000\040\000r\000e\000d\000e\000s\000\040\000m\000u\000t\000u\000a\000l\000i\000s\000t\000a\000s}{section.6}% 9
\BOOKMARK [1][-]{section.9}{\376\377\000E\000s\000t\000r\000u\000c\000t\000u\000r\000a\000\040\000d\000e\000\040\000l\000a\000\040\000t\000e\000s\000i\000s}{chapter.2}% 10
\BOOKMARK [0][-]{chapter.10}{\376\377\000M\000o\000d\000e\000l\000a\000d\000o\000\040\000d\000i\000n\000\341\000m\000i\000c\000o}{}% 11
\BOOKMARK [1][-]{section.11}{\376\377\000D\000i\000n\000\341\000m\000i\000c\000a\000\040\000d\000e\000\040\000l\000a\000s\000\040\000c\000o\000m\000u\000n\000i\000d\000a\000d\000e\000s\000\040\000m\000u\000t\000u\000a\000l\000i\000s\000t\000a\000s}{chapter.10}% 12
\BOOKMARK [2][-]{subsection.12}{\376\377\000M\000o\000d\000e\000l\000o\000s\000\040\000d\000e\000\040\000p\000o\000b\000l\000a\000c\000i\000\363\000n}{section.11}% 13
\BOOKMARK [1][-]{section.13}{\376\377\000M\000o\000d\000e\000l\000o\000\040\000c\000o\000n\000\040\000c\000a\000p\000a\000c\000i\000d\000a\000d\000\040\000d\000e\000\040\000c\000a\000r\000g\000a\000\040\000c\000o\000n\000s\000t\000a\000n\000t\000e}{chapter.10}% 14
\BOOKMARK [2][-]{subsection.14}{\376\377\000A\000n\000\341\000l\000i\000s\000i\000s\000\040\000d\000e\000\040\000e\000s\000t\000a\000b\000i\000l\000i\000d\000a\000d}{section.13}% 15
\BOOKMARK [1][-]{section.15}{\376\377\000M\000o\000d\000e\000l\000o\000\040\000c\000o\000n\000\040\000s\000a\000t\000u\000r\000a\000c\000i\000\363\000n\000\040\000d\000e\000l\000\040\000b\000e\000n\000e\000f\000i\000c\000i\000o}{chapter.10}% 16
\BOOKMARK [2][-]{subsection.16}{\376\377\000A\000n\000\341\000l\000i\000s\000i\000s\000\040\000d\000e\000\040\000e\000s\000t\000a\000b\000i\000l\000i\000d\000a\000d}{section.15}% 17
\BOOKMARK [1][-]{section.17}{\376\377\000R\000e\000s\000u\000l\000t\000a\000d\000o\000s}{chapter.10}% 18
\BOOKMARK [1][-]{section.18}{\376\377\000C\000o\000n\000c\000l\000u\000s\000i\000o\000n\000e\000s}{chapter.10}% 19
\BOOKMARK [0][-]{chapter.19}{\376\377\000E\000s\000t\000r\000u\000c\000t\000u\000r\000a\000\040\000d\000e\000l\000\040\000m\000u\000t\000u\000a\000l\000i\000s\000m\000o}{}% 20
\BOOKMARK [1][-]{section.20}{\376\377\000P\000r\000o\000p\000i\000e\000d\000a\000d\000e\000s\000\040\000e\000s\000t\000r\000u\000c\000t\000u\000r\000a\000l\000e\000s\000\040\000d\000e\000l\000\040\000m\000u\000t\000u\000a\000l\000i\000s\000m\000o}{chapter.19}% 21
\BOOKMARK [2][-]{subsection.21}{\376\377\000M\000a\000g\000n\000i\000t\000u\000d\000e\000s\000\040\000c\000l\000\341\000s\000i\000c\000a\000s}{section.20}% 22
\BOOKMARK [1][-]{section.22}{\376\377\000D\000e\000s\000c\000r\000i\000p\000c\000i\000\363\000n\000\040\000b\000a\000s\000a\000d\000a\000\040\000e\000n\000\040\000l\000a\000\040\000d\000e\000s\000c\000o\000m\000p\000i\000s\000i\000\363\000n\000\040\000k\000-\000c\000o\000r\000e}{chapter.19}% 23
\BOOKMARK [1][-]{section.25}{\376\377\000K\000\040\000m\000a\000g\000n\000i\000t\000u\000d\000e\000s}{chapter.19}% 24
\BOOKMARK [2][-]{subsection.27}{\376\377\000A\000l\000g\000o\000r\000i\000t\000m\000o\000\040\000d\000e\000\040\000d\000e\000s\000t\000r\000u\000c\000c\000i\000\363\000n\000\040\000b\000a\000s\000a\000d\000o\000\040\000e\000n\000\040\000k\000-\000s\000h\000e\000l\000l}{section.25}% 25
\BOOKMARK [1][-]{section.29}{\376\377\000R\000e\000s\000u\000l\000t\000a\000d\000o\000s}{chapter.19}% 26
\BOOKMARK [2][-]{subsection.31}{\376\377\000A\000n\000\341\000l\000i\000s\000i\000s\000\040\000e\000x\000p\000l\000o\000r\000a\000t\000o\000r\000i\000o}{section.29}% 27
\BOOKMARK [2][-]{subsection.33}{\376\377\000C\000o\000r\000r\000e\000l\000a\000c\000i\000\363\000n\000\040\000e\000n\000t\000r\000e\000\040\000k\000-\000m\000a\000g\000n\000i\000t\000u\000d\000e\000s\000\040\000y\000\040\000p\000r\000o\000p\000i\000e\000d\000a\000d\000e\000s\000\040\000g\000l\000o\000b\000a\000l\000e\000s}{section.29}% 28
\BOOKMARK [2][-]{subsection.38}{\376\377\000R\000e\000c\000a\000b\000l\000e\000a\000d\000o\000\040\000a\000l\000e\000a\000t\000o\000r\000i\000o}{section.29}% 29
\BOOKMARK [1][-]{section.39}{\376\377\000C\000o\000n\000c\000l\000u\000s\000i\000o\000n\000e\000s}{chapter.19}% 30
\BOOKMARK [0][-]{chapter.40}{\376\377\000V\000i\000s\000u\000a\000l\000i\000z\000a\000c\000i\000o\000n\000e\000s\000\040\000d\000e\000l\000\040\000m\000u\000t\000u\000a\000l\000i\000s\000m\000o}{}% 31
\BOOKMARK [1][-]{section.41}{\376\377\000R\000e\000p\000r\000e\000s\000e\000n\000t\000a\000c\000i\000\363\000n\000\040\000c\000l\000\341\000s\000i\000c\000a\000\040\000d\000e\000l\000\040\000m\000u\000t\000u\000a\000l\000i\000s\000m\000o}{chapter.40}% 32
\BOOKMARK [2][-]{subsection.42}{\376\377\000E\000l\000\040\000d\000i\000a\000g\000r\000a\000m\000a\000\040\000b\000i\000p\000a\000r\000t\000i\000t\000o}{section.41}% 33
\BOOKMARK [2][-]{subsection.43}{\376\377\000L\000a\000\040\000m\000a\000t\000r\000i\000z\000\040\000d\000e\000\040\000i\000n\000t\000e\000r\000a\000c\000c\000i\000\363\000n}{section.41}% 34
\BOOKMARK [1][-]{section.44}{\376\377\000V\000i\000s\000u\000a\000l\000i\000z\000a\000c\000i\000o\000n\000e\000s\000\040\000b\000a\000s\000a\000d\000a\000s\000\040\000e\000n\000\040\000k\000-\000m\000a\000g\000n\000i\000t\000u\000d\000e\000s}{chapter.40}% 35
\BOOKMARK [2][-]{subsection.45}{\376\377\000E\000l\000\040\000d\000i\000a\000g\000r\000a\000m\000a\000\040\000p\000o\000l\000a\000r}{section.44}% 36
\BOOKMARK [2][-]{subsection.47}{\376\377\000E\000l\000\040\000d\000i\000a\000g\000r\000a\000m\000a\000\040\000z\000i\000g\000u\000r\000a\000t}{section.44}% 37
\BOOKMARK [1][-]{section.49}{\376\377\000R\000e\000s\000u\000l\000t\000a\000d\000o\000s}{chapter.40}% 38
\BOOKMARK [1][-]{section.50}{\376\377\000C\000o\000n\000c\000l\000u\000s\000i\000o\000n\000e\000s}{chapter.40}% 39
\BOOKMARK [0][-]{chapter.51}{\376\377\000C\000o\000n\000c\000l\000u\000s\000i\000o\000n\000e\000s\000\040\000d\000e\000\040\000l\000a\000\040\000t\000e\000s\000i\000s}{}% 40
\BOOKMARK [1][-]{section.52}{\376\377\000X\000X\000X\000X\000\040\000m\000u\000t\000u\000a\000l\000i\000s\000m\000o}{chapter.51}% 41
