This is pdfTeX, Version 3.1415926-2.4-1.40.13 (MiKTeX 2.9 64-bit) (preloaded format=pdftex 2013.9.16)  9 DEC 2015 13:29
entering extended mode
**D:/disco_usuario/javier/upm/doctorado/tesis/texto_tesis_upm/texto_tutto/tesis
_JGA.bib

(D:/disco_usuario/javier/upm/doctorado/tesis/texto_tesis_upm/texto_tutto/tesis_
JGA.bib
Overfull \hbox (17.73204pt too wide) in paragraph at lines 16--25
[]\tenrm @articlebarbera2014critical, ti-tle=The Crit-i-cal Pe-riph-ery in the 
Growth of So-cial Protests., au-thor=Barbera,|

\hbox(6.94444+1.94444)x469.75499, glue set - 1.0
.\hbox(0.0+0.0)x20.0
.\tenrm @
.\tenrm a
.\tenrm r
.\tenrm t
.etc.


Overfull \hbox (13.71829pt too wide) in paragraph at lines 26--34
[]\tenrm @articlecardona2006taxonomia, ti-tle=Taxomon[]ia de los mod-e-los de t
opolog[]ia de in-ter-net, au-thor=Cardona,|

\hbox(9.31749+1.94444)x469.75499, glue set - 1.0
.\hbox(0.0+0.0)x20.0
.\tenrm @
.\tenrm a
.\tenrm r
.\tenrm t
.etc.

)
*
! Emergency stop.
<*> ...s/texto_tesis_upm/texto_tutto/tesis_JGA.bib
                                                  
End of file on the terminal!

!  ==> Fatal error occurred, no output PDF file produced!
