\BOOKMARK [0][-]{Doc-Start}{\376\377\000A\000g\000r\000a\000d\000e\000c\000i\000m\000i\000e\000n\000t\000o\000s}{}% 1
\BOOKMARK [0][-]{Doc-Start}{\376\377\000R\000e\000s\000u\000m\000e\000n}{}% 2
\BOOKMARK [0][-]{Doc-Start}{\376\377\000A\000b\000s\000t\000r\000a\000c\000t}{}% 3
\BOOKMARK [0][-]{chapter.2}{\376\377\000I\000n\000t\000r\000o\000d\000u\000c\000c\000i\000\363\000n\000\040\000g\000e\000n\000e\000r\000a\000l}{}% 4
\BOOKMARK [1][-]{section.3}{\376\377\000E\000l\000\040\000m\000u\000t\000u\000a\000l\000i\000s\000m\000o\000\040\000e\000n\000\040\000e\000c\000o\000l\000o\000g\000\355\000a}{chapter.2}% 5
\BOOKMARK [2][-]{subsection.4}{\376\377\000T\000i\000p\000o\000s\000\040\000d\000e\000\040\000m\000u\000t\000u\000a\000l\000i\000s\000m\000o}{section.3}% 6
\BOOKMARK [1][-]{section.7}{\376\377\000R\000e\000d\000e\000s\000\040\000e\000n\000\040\000e\000c\000o\000l\000o\000g\000\355\000a}{chapter.2}% 7
\BOOKMARK [2][-]{subsection.9}{\376\377\000R\000e\000d\000e\000s\000\040\000m\000u\000t\000u\000a\000l\000i\000s\000t\000a\000s}{section.7}% 8
\BOOKMARK [1][-]{section.12}{\376\377\000D\000i\000n\000\341\000m\000i\000c\000a\000\040\000d\000e\000\040\000l\000a\000s\000\040\000c\000o\000m\000u\000n\000i\000d\000a\000d\000e\000s\000\040\000m\000u\000t\000u\000a\000l\000i\000s\000t\000a\000s}{chapter.2}% 9
\BOOKMARK [1][-]{section.20}{\376\377\000C\000u\000e\000s\000t\000i\000o\000n\000e\000s\000\040\000a\000b\000i\000e\000r\000t\000a\000s\000\040\000e\000n\000\040\000e\000l\000\040\000m\000o\000d\000e\000l\000a\000d\000o\000\040\000d\000e\000l\000\040\000m\000u\000t\000u\000a\000l\000i\000s\000m\000o}{chapter.2}% 10
\BOOKMARK [1][-]{section.21}{\376\377\000O\000b\000j\000e\000t\000i\000v\000o\000s}{chapter.2}% 11
\BOOKMARK [1][-]{section.36}{\376\377\000E\000s\000t\000r\000u\000c\000t\000u\000r\000a\000\040\000d\000e\000\040\000l\000a\000\040\000t\000e\000s\000i\000s}{chapter.2}% 12
\BOOKMARK [0][-]{chapter.37}{\376\377\000M\000o\000d\000e\000l\000a\000d\000o\000\040\000d\000i\000n\000\341\000m\000i\000c\000o}{}% 13
\BOOKMARK [1][-]{section.38}{\376\377\000D\000i\000n\000\341\000m\000i\000c\000a\000\040\000d\000e\000\040\000l\000a\000s\000\040\000c\000o\000m\000u\000n\000i\000d\000a\000d\000e\000s\000\040\000m\000u\000t\000u\000a\000l\000i\000s\000t\000a\000s}{chapter.37}% 14
\BOOKMARK [1][-]{section.39}{\376\377\000M\000o\000d\000e\000l\000o\000\040\000c\000o\000n\000\040\000c\000a\000p\000a\000c\000i\000d\000a\000d\000\040\000d\000e\000\040\000c\000a\000r\000g\000a\000\040\000c\000o\000n\000s\000t\000a\000n\000t\000e}{chapter.37}% 15
\BOOKMARK [2][-]{subsection.45}{\376\377\000A\000n\000\341\000l\000i\000s\000i\000s\000\040\000d\000e\000\040\000e\000s\000t\000a\000b\000i\000l\000i\000d\000a\000d\000\040\000p\000a\000r\000a\000\040\000d\000o\000s\000\040\000e\000s\000p\000e\000c\000i\000e\000s}{section.39}% 16
\BOOKMARK [2][-]{subsection.52}{\376\377\000G\000e\000n\000e\000r\000a\000l\000i\000z\000a\000c\000i\000\363\000n\000\040\000c\000o\000n\000\040\000n\000\040\000e\000s\000p\000e\000c\000i\000e\000s}{section.39}% 17
\BOOKMARK [1][-]{section.59}{\376\377\000M\000o\000d\000e\000l\000o\000\040\000c\000o\000n\000\040\000s\000a\000t\000u\000r\000a\000c\000i\000\363\000n\000\040\000d\000e\000l\000\040\000b\000e\000n\000e\000f\000i\000c\000i\000o}{chapter.37}% 18
\BOOKMARK [2][-]{subsection.62}{\376\377\000A\000n\000\341\000l\000i\000s\000i\000s\000\040\000d\000e\000\040\000e\000s\000t\000a\000b\000i\000l\000i\000d\000a\000d\000\040\000p\000a\000r\000a\000\040\000d\000o\000s\000\040\000e\000s\000p\000e\000c\000i\000e\000s}{section.59}% 19
\BOOKMARK [2][-]{subsection.74}{\376\377\000L\000a\000\040\000d\000i\000v\000i\000s\000o\000r\000i\000a\000\040\000d\000e\000\040\000l\000a\000\040\000v\000i\000d\000a}{section.59}% 20
\BOOKMARK [2][-]{subsection.84}{\376\377\000G\000e\000n\000e\000r\000a\000l\000i\000z\000a\000c\000i\000\363\000n\000\040\000c\000o\000n\000\040\000n\000\040\000e\000s\000p\000e\000c\000i\000e\000s}{section.59}% 21
\BOOKMARK [1][-]{section.91}{\376\377\000M\000a\000t\000e\000r\000i\000a\000l\000\040\000y\000\040\000m\000\351\000t\000o\000d\000o\000s}{chapter.37}% 22
\BOOKMARK [2][-]{subsection.92}{\376\377\000I\000n\000t\000e\000g\000r\000a\000c\000i\000\363\000n\000\040\000d\000e\000\040\000l\000a\000s\000\040\000e\000c\000u\000a\000c\000i\000o\000n\000e\000s}{section.91}% 23
\BOOKMARK [2][-]{subsection.97}{\376\377\000S\000o\000f\000t\000w\000a\000r\000e}{section.91}% 24
\BOOKMARK [1][-]{section.98}{\376\377\000R\000e\000s\000u\000l\000t\000a\000d\000o\000s}{chapter.37}% 25
\BOOKMARK [2][-]{subsection.99}{\376\377\000S\000i\000m\000u\000l\000a\000c\000i\000o\000n\000e\000s\000\040\000c\000o\000n\000\040\000c\000a\000p\000a\000c\000i\000d\000a\000d\000e\000s\000\040\000d\000e\000\040\000c\000a\000r\000g\000a\000\040\000c\000o\000n\000s\000t\000a\000n\000t\000e\000s}{section.98}% 26
\BOOKMARK [2][-]{subsection.104}{\376\377\000S\000i\000m\000u\000l\000a\000c\000i\000o\000n\000e\000s\000\040\000c\000o\000n\000\040\000s\000a\000t\000u\000r\000a\000c\000i\000\363\000n\000\040\000d\000e\000l\000\040\000b\000e\000n\000e\000f\000i\000c\000i\000o}{section.98}% 27
\BOOKMARK [1][-]{section.111}{\376\377\000A\000n\000e\000x\000o\000:\000\040\000A\000n\000\341\000l\000i\000s\000i\000s\000\040\000e\000n\000\040\000d\000e\000t\000a\000l\000l\000e\000\040\000d\000e\000\040\000l\000a\000\040\000e\000s\000t\000a\000b\000i\000l\000i\000d\000a\000d\000\040\000d\000e\000l\000\040\000m\000o\000d\000e\000l\000o\000\040\000c\000o\000n\000\040\000s\000a\000t\000u\000r\000a\000c\000i\000\363\000n}{chapter.37}% 28
\BOOKMARK [1][-]{section.126}{\376\377\000A\000n\000e\000x\000o\000:\000\040\000D\000a\000t\000o\000s\000\040\000d\000e\000\040\000l\000a\000s\000\040\000s\000i\000m\000u\000l\000a\000c\000i\000o\000n\000e\000s\000\040\000d\000e\000l\000\040\000m\000o\000d\000e\000l\000o\000\040\000c\000o\000n\000\040\000K\000\040\000c\000o\000n\000s\000t\000a\000n\000t\000e\000s}{chapter.37}% 29
\BOOKMARK [1][-]{section.130}{\376\377\000A\000n\000e\000x\000o\000:\000\040\000D\000a\000t\000o\000s\000\040\000d\000e\000\040\000l\000a\000s\000\040\000s\000i\000m\000u\000l\000a\000c\000i\000o\000n\000e\000s\000\040\000d\000e\000l\000\040\000m\000o\000d\000e\000l\000o\000\040\000c\000o\000n\000\040\000s\000a\000t\000u\000r\000a\000c\000i\000\363\000n}{chapter.37}% 30
\BOOKMARK [0][-]{chapter.135}{\376\377\000E\000s\000t\000r\000u\000c\000t\000u\000r\000a\000\040\000d\000e\000l\000\040\000m\000u\000t\000u\000a\000l\000i\000s\000m\000o}{}% 31
\BOOKMARK [1][-]{section.136}{\376\377\000P\000r\000o\000p\000i\000e\000d\000a\000d\000e\000s\000\040\000e\000s\000t\000r\000u\000c\000t\000u\000r\000a\000l\000e\000s\000\040\000d\000e\000l\000\040\000m\000u\000t\000u\000a\000l\000i\000s\000m\000o}{chapter.135}% 32
\BOOKMARK [1][-]{section.139}{\376\377\000D\000e\000s\000c\000r\000i\000p\000c\000i\000\363\000n\000\040\000b\000a\000s\000a\000d\000a\000\040\000e\000n\000\040\000l\000a\000\040\000d\000e\000s\000c\000o\000m\000p\000o\000s\000i\000c\000i\000\363\000n\000\040\000k\000-\000c\000o\000r\000e}{chapter.135}% 33
\BOOKMARK [1][-]{section.141}{\376\377\000D\000e\000f\000i\000n\000i\000c\000i\000\363\000n\000\040\000d\000e\000\040\000l\000a\000s\000\040\000k\000-\000m\000a\000g\000n\000i\000t\000u\000d\000e\000s}{chapter.135}% 34
\BOOKMARK [1][-]{section.146}{\376\377\000M\000a\000t\000e\000r\000i\000a\000l\000\040\000y\000\040\000m\000\351\000t\000o\000d\000o\000s}{chapter.135}% 35
\BOOKMARK [2][-]{subsection.147}{\376\377\000A\000n\000\341\000l\000i\000s\000i\000s\000\040\000m\000e\000d\000i\000a\000n\000t\000e\000\040\000m\000o\000d\000e\000l\000o\000\040\000n\000u\000l\000o}{section.146}% 36
\BOOKMARK [2][-]{subsection.149}{\376\377\000E\000x\000p\000e\000r\000i\000m\000e\000n\000t\000o\000\040\000d\000e\000\040\000r\000e\000c\000a\000b\000l\000e\000a\000d\000o}{section.146}% 37
\BOOKMARK [1][-]{section.151}{\376\377\000R\000e\000s\000u\000l\000t\000a\000d\000o\000s}{chapter.135}% 38
\BOOKMARK [2][-]{subsection.152}{\376\377\000A\000n\000\341\000l\000i\000s\000i\000s\000\040\000e\000x\000p\000l\000o\000r\000a\000t\000o\000r\000i\000o}{section.151}% 39
\BOOKMARK [2][-]{subsection.155}{\376\377\000R\000e\000l\000a\000c\000i\000\363\000n\000\040\000e\000n\000t\000r\000e\000\040\000l\000a\000s\000\040\000m\000e\000d\000i\000d\000a\000s\000\040\000d\000e\000\040\000g\000r\000a\000d\000o}{section.151}% 40
\BOOKMARK [2][-]{subsection.157}{\376\377\000C\000o\000r\000r\000e\000l\000a\000c\000i\000\363\000n\000\040\000e\000n\000t\000r\000e\000\040\000k\000-\000m\000a\000g\000n\000i\000t\000u\000d\000e\000s\000\040\000y\000\040\000p\000r\000o\000p\000i\000e\000d\000a\000d\000e\000s\000\040\000g\000l\000o\000b\000a\000l\000e\000s}{section.151}% 41
\BOOKMARK [2][-]{subsection.162}{\376\377\000A\000n\000\341\000l\000i\000s\000i\000s\000\040\000d\000e\000\040\000m\000o\000d\000e\000l\000o\000\040\000n\000u\000l\000o}{section.151}% 42
\BOOKMARK [2][-]{subsection.164}{\376\377\000R\000e\000c\000a\000b\000l\000e\000a\000d\000o\000\040\000a\000l\000e\000a\000t\000o\000r\000i\000o}{section.151}% 43
\BOOKMARK [1][-]{section.168}{\376\377\000A\000n\000e\000x\000o\000s}{chapter.135}% 44
\BOOKMARK [0][-]{chapter.172}{\376\377\000V\000i\000s\000u\000a\000l\000i\000z\000a\000c\000i\000o\000n\000e\000s}{}% 45
\BOOKMARK [1][-]{section.173}{\376\377\000R\000e\000p\000r\000e\000s\000e\000n\000t\000a\000c\000i\000o\000n\000e\000s\000\040\000c\000l\000\341\000s\000i\000c\000a\000s\000\040\000d\000e\000l\000\040\000m\000u\000t\000u\000a\000l\000i\000s\000m\000o}{chapter.172}% 46
\BOOKMARK [1][-]{section.179}{\376\377\000V\000i\000s\000u\000a\000l\000i\000z\000a\000c\000i\000o\000n\000e\000s\000\040\000b\000a\000s\000a\000d\000a\000s\000\040\000e\000n\000\040\000k\000-\000m\000a\000g\000n\000i\000t\000u\000d\000e\000s}{chapter.172}% 47
\BOOKMARK [2][-]{subsection.180}{\376\377\000E\000l\000\040\000d\000i\000a\000g\000r\000a\000m\000a\000\040\000p\000o\000l\000a\000r}{section.179}% 48
\BOOKMARK [2][-]{subsection.185}{\376\377\000E\000l\000\040\000d\000i\000a\000g\000r\000a\000m\000a\000\040\000z\000i\000g\000u\000r\000a\000t}{section.179}% 49
\BOOKMARK [1][-]{section.195}{\376\377\000V\000i\000s\000u\000a\000l\000i\000z\000a\000c\000i\000\363\000n\000\040\000d\000e\000\040\000l\000a\000\040\000e\000s\000t\000r\000u\000c\000t\000u\000r\000a}{chapter.172}% 50
\BOOKMARK [1][-]{section.205}{\376\377\000A\000n\000e\000x\000o\000:\000\040\000R\000e\000d\000\040\000d\000e\000l\000\040\000P\000a\000r\000q\000u\000e\000\040\000N\000a\000c\000i\000o\000n\000a\000l\000\040\000d\000e\000\040\000C\000a\000n\000a\000i\000m\000a}{chapter.172}% 51
\BOOKMARK [0][-]{chapter.207}{\376\377\000E\000s\000t\000u\000d\000i\000o\000\040\000d\000e\000\040\000r\000e\000s\000i\000s\000t\000e\000n\000c\000i\000a}{}% 52
\BOOKMARK [1][-]{section.208}{\376\377\000M\000e\000d\000i\000c\000i\000\363\000n\000\040\000d\000e\000\040\000l\000a\000\040\000r\000e\000s\000i\000s\000t\000e\000n\000c\000i\000a}{chapter.207}% 53
\BOOKMARK [1][-]{section.209}{\376\377\000M\000\351\000t\000o\000d\000o\000s}{chapter.207}% 54
\BOOKMARK [1][-]{section.217}{\376\377\000R\000e\000s\000u\000l\000t\000a\000d\000o\000s}{chapter.207}% 55
\BOOKMARK [1][-]{section.223}{\376\377\000A\000n\000e\000x\000o\000:\000\040\000V\000i\000d\000e\000o\000s}{chapter.207}% 56
\BOOKMARK [1][-]{section.224}{\376\377\000A\000n\000e\000x\000o\000:\000\040\000R\000e\000s\000u\000l\000t\000a\000d\000o\000s\000\040\000d\000e\000\040\000l\000o\000s\000\040\000p\000r\000o\000c\000e\000s\000o\000s\000\040\000d\000e\000\040\000d\000e\000s\000t\000r\000u\000c\000c\000i\000\363\000n}{chapter.207}% 57
\BOOKMARK [0][-]{chapter.228}{\376\377\000C\000o\000n\000c\000l\000u\000s\000i\000o\000n\000e\000s\000\040\000d\000e\000\040\000l\000a\000\040\000t\000e\000s\000i\000s}{}% 58
\BOOKMARK [0][-]{appendix.244}{\376\377\000S\000I\000G\000M\000U\000N\000D\000,\000\040\000m\000a\000n\000u\000a\000l\000\040\000d\000e\000\040\000u\000s\000o}{}% 59
\BOOKMARK [1][-]{section.245}{\376\377\000I\000n\000t\000r\000o\000d\000u\000c\000c\000i\000\363\000n}{appendix.244}% 60
\BOOKMARK [1][-]{section.246}{\376\377\000F\000o\000r\000m\000a\000t\000o\000\040\000d\000e\000\040\000l\000o\000s\000\040\000f\000i\000c\000h\000e\000r\000o\000s\000\040\000d\000e\000\040\000e\000n\000t\000r\000a\000d\000a}{appendix.244}% 61
\BOOKMARK [1][-]{section.248}{\376\377\000U\000s\000o\000\040\000i\000n\000t\000e\000r\000a\000c\000t\000i\000v\000o}{appendix.244}% 62
\BOOKMARK [2][-]{subsection.250}{\376\377\000E\000j\000e\000m\000p\000l\000o\000s}{section.248}% 63
\BOOKMARK [1][-]{section.260}{\376\377\000U\000s\000o\000\040\000e\000n\000\040\000m\000o\000d\000o\000\040\000b\000a\000t\000c\000h}{appendix.244}% 64
\BOOKMARK [2][-]{subsection.261}{\376\377\000C\000o\000n\000f\000i\000g\000u\000r\000a\000c\000i\000\363\000n\000\040\000d\000e\000l\000\040\000s\000c\000r\000i\000p\000t\000\040\000s\000i\000g\000m\000u\000n\000d\000\137\000s\000t\000a\000n\000d\000a\000l\000o\000n\000e\000.\000p\000y}{section.260}% 65
\BOOKMARK [2][-]{subsection.262}{\376\377\000S\000c\000r\000i\000p\000t\000\040\000s\000u\000r\000v\000i\000v\000a\000l\000.\000p\000y}{section.260}% 66
\BOOKMARK [2][-]{subsection.263}{\376\377\000S\000c\000r\000i\000p\000t\000\040\000s\000i\000g\000m\000u\000n\000d\000\137\000c\000r\000e\000a\000t\000e\000i\000n\000p\000u\000t\000\137\000a\000t\000m\000a\000x\000.\000p\000y}{section.260}% 67
\BOOKMARK [0][-]{appendix.264}{\376\377\000P\000a\000q\000u\000e\000t\000e\000\040\000k\000c\000o\000r\000e\000b\000i\000p\000,\000\040\000m\000a\000n\000u\000a\000l\000\040\000d\000e\000\040\000u\000s\000o}{}% 68
\BOOKMARK [1][-]{section.265}{\376\377\000I\000n\000t\000r\000o\000d\000u\000c\000c\000i\000\363\000n}{appendix.264}% 69
\BOOKMARK [1][-]{section.266}{\376\377\000F\000o\000r\000m\000a\000t\000o\000\040\000d\000e\000l\000\040\000f\000i\000c\000h\000e\000r\000o\000\040\000d\000e\000\040\000e\000n\000t\000r\000a\000d\000a}{appendix.264}% 70
\BOOKMARK [1][-]{section.268}{\376\377\000A\000n\000\341\000l\000i\000s\000i\000s\000\040\000d\000e\000\040\000l\000a\000\040\000r\000e\000d}{appendix.264}% 71
\BOOKMARK [1][-]{section.269}{\376\377\000D\000i\000a\000g\000r\000a\000m\000a\000\040\000p\000o\000l\000a\000r}{appendix.264}% 72
\BOOKMARK [1][-]{section.272}{\376\377\000E\000l\000\040\000d\000i\000a\000g\000r\000a\000m\000a\000\040\000z\000i\000g\000u\000r\000a\000t}{appendix.264}% 73
\BOOKMARK [0][-]{appendix.279}{\376\377\000A\000c\000e\000r\000c\000a\000\040\000d\000e\000\040\000e\000s\000t\000e\000\040\000d\000o\000c\000u\000m\000e\000n\000t\000o}{}% 74
\BOOKMARK [0][-]{appendix*.280}{\376\377\000B\000i\000b\000l\000i\000o\000g\000r\000a\000f\000\355\000a}{}% 75
